<?xml version="1.0" encoding="UTF-8"?>
<!-- Generated by org.testng.reporters.JUnitReportReporter -->
<testsuite skipped="0" hostname="SRINIVAS-PC" name="com.guru99bank.testCases.TC_LoginTest_001" tests="1" failures="0" timestamp="18 Jul 2019 01:23:02 GMT" time="2.159" errors="0">
  <testcase name="loginTest" time="2.159" classname="com.guru99bank.testCases.TC_LoginTest_001"/>
</testsuite> <!-- com.guru99bank.testCases.TC_LoginTest_001 -->
