<?xml version="1.0" encoding="UTF-8"?>
<!-- Generated by org.testng.reporters.JUnitReportReporter -->
<testsuite skipped="0" hostname="SRINIVAS-PC" name="com.guru99bank.testCases.TC_AddCustomerTest_003" tests="1" failures="0" timestamp="21 Jul 2019 03:02:04 GMT" time="16.434" errors="0">
  <testcase name="addNewCustomer" time="16.434" classname="com.guru99bank.testCases.TC_AddCustomerTest_003"/>
</testsuite> <!-- com.guru99bank.testCases.TC_AddCustomerTest_003 -->
